<?xml version="1.0" encoding="UTF-8"?>
<testsuite xmlns:xsi="http://www.w3.org/2001/XMLSchema-instance" xsi:noNamespaceSchemaLocation="https://maven.apache.org/surefire/maven-surefire-plugin/xsd/surefire-test-report.xsd" name="uta.cse3310.GridTest" time="0.014" tests="4" errors="0" skipped="0" failures="0">
  <properties>
    <property name="java.specification.version" value="21"/>
    <property name="sun.jnu.encoding" value="UTF-8"/>
    <property name="java.class.path" value="/Users/jomilojuokuwobi/Desktop/grp21-fin-proj/target/test-classes:/Users/jomilojuokuwobi/Desktop/grp21-fin-proj/target/classes:/Users/jomilojuokuwobi/.m2/repository/junit/junit/4.13.2/junit-4.13.2.jar:/Users/jomilojuokuwobi/.m2/repository/org/hamcrest/hamcrest-core/1.3/hamcrest-core-1.3.jar:/Users/jomilojuokuwobi/.m2/repository/com/google/code/gson/gson/2.9.1/gson-2.9.1.jar:/Users/jomilojuokuwobi/.m2/repository/net/freeutils/jlhttp/2.6/jlhttp-2.6.jar:/Users/jomilojuokuwobi/.m2/repository/org/mockito/mockito-core/3.12.4/mockito-core-3.12.4.jar:/Users/jomilojuokuwobi/.m2/repository/net/bytebuddy/byte-buddy/1.11.13/byte-buddy-1.11.13.jar:/Users/jomilojuokuwobi/.m2/repository/net/bytebuddy/byte-buddy-agent/1.11.13/byte-buddy-agent-1.11.13.jar:/Users/jomilojuokuwobi/.m2/repository/org/objenesis/objenesis/3.2/objenesis-3.2.jar:/Users/jomilojuokuwobi/.m2/repository/org/java-websocket/Java-WebSocket/1.5.4/Java-WebSocket-1.5.4.jar:/Users/jomilojuokuwobi/.m2/repository/org/slf4j/slf4j-api/2.0.6/slf4j-api-2.0.6.jar:"/>
    <property name="java.vm.vendor" value="Homebrew"/>
    <property name="sun.arch.data.model" value="64"/>
    <property name="java.vendor.url" value="https://github.com/Homebrew/homebrew-core/issues"/>
    <property name="os.name" value="Mac OS X"/>
    <property name="java.vm.specification.version" value="21"/>
    <property name="sun.java.launcher" value="SUN_STANDARD"/>
    <property name="user.country" value="US"/>
    <property name="sun.boot.library.path" value="/opt/homebrew/Cellar/openjdk/21.0.2/libexec/openjdk.jdk/Contents/Home/lib"/>
    <property name="sun.java.command" value="/Users/jomilojuokuwobi/Desktop/grp21-fin-proj/target/surefire/surefirebooter15060911540303463737.jar /Users/jomilojuokuwobi/Desktop/grp21-fin-proj/target/surefire 2024-05-20T10-48-21_887-jvmRun1 surefire13679069413549237735tmp surefire_010182288900011010957tmp"/>
    <property name="http.nonProxyHosts" value="local|*.local|169.254/16|*.169.254/16"/>
    <property name="jdk.debug" value="release"/>
    <property name="surefire.test.class.path" value="/Users/jomilojuokuwobi/Desktop/grp21-fin-proj/target/test-classes:/Users/jomilojuokuwobi/Desktop/grp21-fin-proj/target/classes:/Users/jomilojuokuwobi/.m2/repository/junit/junit/4.13.2/junit-4.13.2.jar:/Users/jomilojuokuwobi/.m2/repository/org/hamcrest/hamcrest-core/1.3/hamcrest-core-1.3.jar:/Users/jomilojuokuwobi/.m2/repository/com/google/code/gson/gson/2.9.1/gson-2.9.1.jar:/Users/jomilojuokuwobi/.m2/repository/net/freeutils/jlhttp/2.6/jlhttp-2.6.jar:/Users/jomilojuokuwobi/.m2/repository/org/mockito/mockito-core/3.12.4/mockito-core-3.12.4.jar:/Users/jomilojuokuwobi/.m2/repository/net/bytebuddy/byte-buddy/1.11.13/byte-buddy-1.11.13.jar:/Users/jomilojuokuwobi/.m2/repository/net/bytebuddy/byte-buddy-agent/1.11.13/byte-buddy-agent-1.11.13.jar:/Users/jomilojuokuwobi/.m2/repository/org/objenesis/objenesis/3.2/objenesis-3.2.jar:/Users/jomilojuokuwobi/.m2/repository/org/java-websocket/Java-WebSocket/1.5.4/Java-WebSocket-1.5.4.jar:/Users/jomilojuokuwobi/.m2/repository/org/slf4j/slf4j-api/2.0.6/slf4j-api-2.0.6.jar:"/>
    <property name="sun.cpu.endian" value="little"/>
    <property name="user.home" value="/Users/jomilojuokuwobi"/>
    <property name="user.language" value="en"/>
    <property name="java.specification.vendor" value="Oracle Corporation"/>
    <property name="java.version.date" value="2024-01-16"/>
    <property name="java.home" value="/opt/homebrew/Cellar/openjdk/21.0.2/libexec/openjdk.jdk/Contents/Home"/>
    <property name="file.separator" value="/"/>
    <property name="basedir" value="/Users/jomilojuokuwobi/Desktop/grp21-fin-proj"/>
    <property name="java.vm.compressedOopsMode" value="Zero based"/>
    <property name="line.separator" value="&#10;"/>
    <property name="java.vm.specification.vendor" value="Oracle Corporation"/>
    <property name="java.specification.name" value="Java Platform API Specification"/>
    <property name="apple.awt.application.name" value="ForkedBooter"/>
    <property name="surefire.real.class.path" value="/Users/jomilojuokuwobi/Desktop/grp21-fin-proj/target/surefire/surefirebooter15060911540303463737.jar"/>
    <property name="sun.management.compiler" value="HotSpot 64-Bit Tiered Compilers"/>
    <property name="ftp.nonProxyHosts" value="local|*.local|169.254/16|*.169.254/16"/>
    <property name="java.runtime.version" value="21.0.2"/>
    <property name="user.name" value="jomilojuokuwobi"/>
    <property name="stdout.encoding" value="UTF-8"/>
    <property name="path.separator" value=":"/>
    <property name="os.version" value="14.2.1"/>
    <property name="java.runtime.name" value="OpenJDK Runtime Environment"/>
    <property name="file.encoding" value="UTF-8"/>
    <property name="java.vm.name" value="OpenJDK 64-Bit Server VM"/>
    <property name="java.vendor.version" value="Homebrew"/>
    <property name="localRepository" value="/Users/jomilojuokuwobi/.m2/repository"/>
    <property name="java.vendor.url.bug" value="https://github.com/Homebrew/homebrew-core/issues"/>
    <property name="java.io.tmpdir" value="/var/folders/yw/xx74j4j508b3cr530grdmx840000gn/T/"/>
    <property name="java.version" value="21.0.2"/>
    <property name="user.dir" value="/Users/jomilojuokuwobi/Desktop/grp21-fin-proj"/>
    <property name="os.arch" value="aarch64"/>
    <property name="java.vm.specification.name" value="Java Virtual Machine Specification"/>
    <property name="native.encoding" value="UTF-8"/>
    <property name="java.library.path" value="/Users/jomilojuokuwobi/Library/Java/Extensions:/Library/Java/Extensions:/Network/Library/Java/Extensions:/System/Library/Java/Extensions:/usr/lib/java:."/>
    <property name="java.vm.info" value="mixed mode, sharing"/>
    <property name="stderr.encoding" value="UTF-8"/>
    <property name="java.vendor" value="Homebrew"/>
    <property name="java.vm.version" value="21.0.2"/>
    <property name="sun.io.unicode.encoding" value="UnicodeBig"/>
    <property name="socksNonProxyHosts" value="local|*.local|169.254/16|*.169.254/16"/>
    <property name="java.class.version" value="65.0"/>
  </properties>
  <testcase name="testTryLocation" classname="uta.cse3310.GridTest" time="0"/>
  <testcase name="testCreateGrid" classname="uta.cse3310.GridTest" time="0.011"/>
  <testcase name="testCountValidWordCharacters" classname="uta.cse3310.GridTest" time="0.002"/>
  <testcase name="testCalculateUniformness" classname="uta.cse3310.GridTest" time="0"/>
</testsuite>